TN:
SF:src\router.ts
FN:94,(anonymous_0)
FN:124,(anonymous_1)
FNF:2
FNH:2
FNDA:4,(anonymous_0)
FNDA:5,(anonymous_1)
DA:22,2
DA:38,2
DA:39,2
DA:40,2
DA:42,2
DA:55,2
DA:63,2
DA:77,2
DA:94,4
DA:106,2
DA:124,5
DA:136,2
DA:142,2
DA:148,2
LF:14
LH:14
BRF:0
BRH:0
end_of_record
TN:
SF:src\server.ts
FN:11,connectDB
FN:55,(anonymous_2)
FNF:2
FNH:2
FNDA:3,connectDB
FNDA:1,(anonymous_2)
DA:3,2
DA:5,2
DA:6,2
DA:7,2
DA:11,2
DA:12,3
DA:14,3
DA:22,2
DA:26,1
DA:30,2
DA:34,2
DA:43,2
DA:53,2
DA:55,2
DA:56,1
DA:59,2
LF:16
LH:16
BRF:0
BRH:0
end_of_record
TN:
SF:src\config\db.ts
FNF:0
FNH:0
DA:11,2
DA:14,2
DA:16,2
DA:23,2
DA:36,2
LF:5
LH:5
BRF:0
BRH:0
end_of_record
TN:
SF:src\handlers\product.ts
FN:10,(anonymous_1)
FN:29,(anonymous_2)
FN:55,(anonymous_3)
FN:62,(anonymous_4)
FN:91,(anonymous_5)
FN:132,(anonymous_6)
FNF:6
FNH:6
FNDA:2,(anonymous_1)
FNDA:2,(anonymous_2)
FNDA:1,(anonymous_3)
FNDA:2,(anonymous_4)
FNDA:2,(anonymous_5)
FNDA:2,(anonymous_6)
DA:8,2
DA:10,2
DA:11,2
DA:25,2
DA:29,2
DA:30,2
DA:32,2
DA:34,2
DA:35,1
DA:41,1
DA:55,2
DA:56,1
DA:59,1
DA:62,2
DA:64,2
DA:66,2
DA:70,2
DA:71,1
DA:84,1
DA:85,1
DA:88,1
DA:91,2
DA:93,2
DA:95,2
DA:99,2
DA:100,1
DA:125,1
DA:126,1
DA:129,1
DA:132,2
DA:135,2
DA:137,2
DA:141,2
DA:142,1
DA:147,1
DA:149,1
LF:36
LH:36
BRDA:34,0,0,1
BRDA:70,1,0,1
BRDA:99,2,0,1
BRDA:141,3,0,1
BRF:4
BRH:4
end_of_record
TN:
SF:src\middleware\index.ts
FN:33,(anonymous_0)
FNF:1
FNH:1
FNDA:17,(anonymous_0)
DA:31,2
DA:33,2
DA:36,17
DA:39,17
DA:40,8
DA:61,9
LF:6
LH:6
BRDA:39,0,0,8
BRF:1
BRH:1
end_of_record
TN:
SF:src\models\Product.model.ts
FNF:0
FNH:0
DA:6,3
DA:19,3
DA:25,3
DA:30,3
DA:36,3
DA:39,3
LF:6
LH:6
BRF:0
BRH:0
end_of_record
